<?xml version="1.0" encoding="UTF-8"?>
<testng-results ignored="0" total="1" passed="1" failed="0" skipped="0">
  <reporter-output>
  </reporter-output>
  <suite started-at="2024-11-23T14:24:22 IST" name="Default suite" finished-at="2024-11-23T14:24:25 IST" duration-ms="3376">
    <groups>
    </groups>
    <test started-at="2024-11-23T14:24:22 IST" name="Default test" finished-at="2024-11-23T14:24:25 IST" duration-ms="3376">
      <class name="RestAssured.APITesting.SampleAPI">
        <test-method signature="sampleAPI()[pri:0, instance:RestAssured.APITesting.SampleAPI@3f6b0be5]" started-at="2024-11-23T14:24:22 IST" name="sampleAPI" finished-at="2024-11-23T14:24:25 IST" duration-ms="3301" status="PASS">
          <reporter-output>
          </reporter-output>
        </test-method> <!-- sampleAPI -->
      </class> <!-- RestAssured.APITesting.SampleAPI -->
    </test> <!-- Default test -->
  </suite> <!-- Default suite -->
</testng-results>
